INFO: Found elm at node_modules/.bin/elm
INFO: Found elm 0.19.0
INFO: Found elm-format at node_modules/.bin/elm-format
INFO: Found elm-format 0.8.1
INFO: Cleaning ./elm-stuff before upgrading
INFO: Converting elm-package.json -> elm.json
INFO: Detected an application project (this project has no exposed modules)
INFO: Switching from dillonkearns/graphqelm (deprecated) to dillonkearns/elm-graphql
INFO: Installing latest version of dillonkearns/elm-graphql
INFO: Installing latest version of elm-community/dict-extra
INFO: Installing latest version of elm-community/list-extra
INFO: Installing latest version of elm-community/maybe-extra
INFO: Installing latest version of elm-community/result-extra
INFO: Switching from elm-lang/core (deprecated) to elm/core
INFO: Installing latest version of elm/core
INFO: Detected use of elm-lang/core#Json.Decode; installing elm/json
INFO: Detected use of elm-lang/core#Regex; installing elm/regex
INFO: Switching from elm-lang/html (deprecated) to elm/html
INFO: Installing latest version of elm/html
INFO: Switching from elm-lang/http (deprecated) to elm/http
INFO: Installing latest version of elm/http
INFO: Switching from elm-lang/svg (deprecated) to elm/svg
INFO: Installing latest version of elm/svg
INFO: Upgrading *.elm files in src/
INFO: Upgrading *.elm files in gen/


SUCCESS! Your project's dependencies and code have been upgraded.
However, your project may not yet compile due to API changes in your
dependencies.

See <https://github.com/elm/compiler/blob/master/upgrade-docs/0.19.md>
and the documentation for your dependencies for more information.

Here are some common upgrade steps that you will need to do manually:

- dillonkearns/elm-graphql
  - [ ] Changes references to Graphqelm.* to Graphql.*
- elm/core
  - [ ] Replace uses of toString with String.fromInt, String.fromFloat, or Debug.toString as appropriate
- elm/html
  - [ ] If you used Html.program*, install elm/browser and switch to Browser.element or Browser.document
  - [ ] If you used Html.beginnerProgram, install elm/browser and switch Browser.sandbox

